2020-05-28 08:18:42,514 1      [           main] DEBUG ache.ibatis.logging.LogFactory  - Logging initialized using 'class org.apache.ibatis.logging.log4j.Log4jImpl' adapter.
2020-05-28 08:18:42,917 404    [           main] DEBUG source.pooled.PooledDataSource  - PooledDataSource forcefully closed/removed all connections.
2020-05-28 08:18:42,917 404    [           main] DEBUG source.pooled.PooledDataSource  - PooledDataSource forcefully closed/removed all connections.
2020-05-28 08:18:42,917 404    [           main] DEBUG source.pooled.PooledDataSource  - PooledDataSource forcefully closed/removed all connections.
2020-05-28 08:18:42,918 405    [           main] DEBUG source.pooled.PooledDataSource  - PooledDataSource forcefully closed/removed all connections.
2020-05-28 08:20:57,805 0      [           main] DEBUG ache.ibatis.logging.LogFactory  - Logging initialized using 'class org.apache.ibatis.logging.log4j.Log4jImpl' adapter.
2020-05-28 08:20:57,903 98     [           main] DEBUG source.pooled.PooledDataSource  - PooledDataSource forcefully closed/removed all connections.
2020-05-28 08:20:57,903 98     [           main] DEBUG source.pooled.PooledDataSource  - PooledDataSource forcefully closed/removed all connections.
2020-05-28 08:20:57,903 98     [           main] DEBUG source.pooled.PooledDataSource  - PooledDataSource forcefully closed/removed all connections.
2020-05-28 08:20:57,903 98     [           main] DEBUG source.pooled.PooledDataSource  - PooledDataSource forcefully closed/removed all connections.
2020-05-28 08:20:58,194 389    [           main] DEBUG ansaction.jdbc.JdbcTransaction  - Opening JDBC Connection
2020-05-28 08:20:58,658 853    [           main] DEBUG source.pooled.PooledDataSource  - Created connection 863125040.
2020-05-28 08:20:58,658 853    [           main] DEBUG ansaction.jdbc.JdbcTransaction  - Setting autocommit to false on JDBC Connection [com.mysql.jdbc.JDBC4Connection@33723e30]
2020-05-28 08:20:58,663 858    [           main] DEBUG   com.ljf.dao.IUserDao.findAll  - ==>  Preparing: select * from user 
2020-05-28 08:20:58,730 925    [           main] DEBUG   com.ljf.dao.IUserDao.findAll  - ==> Parameters: 
2020-05-28 08:20:58,782 977    [           main] DEBUG   com.ljf.dao.IUserDao.findAll  - <==      Total: 7
2020-05-28 08:20:58,783 978    [           main] DEBUG ansaction.jdbc.JdbcTransaction  - Resetting autocommit to true on JDBC Connection [com.mysql.jdbc.JDBC4Connection@33723e30]
2020-05-28 08:20:58,786 981    [           main] DEBUG ansaction.jdbc.JdbcTransaction  - Closing JDBC Connection [com.mysql.jdbc.JDBC4Connection@33723e30]
2020-05-28 08:20:58,786 981    [           main] DEBUG source.pooled.PooledDataSource  - Returned connection 863125040 to pool.
2020-05-28 08:23:35,451 0      [           main] DEBUG ache.ibatis.logging.LogFactory  - Logging initialized using 'class org.apache.ibatis.logging.log4j.Log4jImpl' adapter.
2020-05-28 08:23:35,569 118    [           main] DEBUG source.pooled.PooledDataSource  - PooledDataSource forcefully closed/removed all connections.
2020-05-28 08:23:35,569 118    [           main] DEBUG source.pooled.PooledDataSource  - PooledDataSource forcefully closed/removed all connections.
2020-05-28 08:23:35,569 118    [           main] DEBUG source.pooled.PooledDataSource  - PooledDataSource forcefully closed/removed all connections.
2020-05-28 08:23:35,569 118    [           main] DEBUG source.pooled.PooledDataSource  - PooledDataSource forcefully closed/removed all connections.
2020-05-28 08:23:35,657 206    [           main] DEBUG ansaction.jdbc.JdbcTransaction  - Opening JDBC Connection
2020-05-28 08:23:35,952 501    [           main] DEBUG source.pooled.PooledDataSource  - Created connection 1122805102.
2020-05-28 08:23:35,952 501    [           main] DEBUG ansaction.jdbc.JdbcTransaction  - Setting autocommit to false on JDBC Connection [com.mysql.jdbc.JDBC4Connection@42eca56e]
2020-05-28 08:23:35,956 505    [           main] DEBUG  com.ljf.dao.IUserDao.saveUser  - ==>  Preparing: /*keyProperty 属性名称对应实体类 keyColumn 数据库id的值 resultType 数据类型 order 先做这件事还是后做 插入之后*/ insert into user(username,address,sex,birthday) values (?,?,?,?) 
2020-05-28 08:23:35,997 546    [           main] DEBUG  com.ljf.dao.IUserDao.saveUser  - ==> Parameters: null, null, null, null
2020-05-28 08:24:31,236 0      [           main] DEBUG ache.ibatis.logging.LogFactory  - Logging initialized using 'class org.apache.ibatis.logging.log4j.Log4jImpl' adapter.
2020-05-28 08:24:31,362 126    [           main] DEBUG source.pooled.PooledDataSource  - PooledDataSource forcefully closed/removed all connections.
2020-05-28 08:24:31,362 126    [           main] DEBUG source.pooled.PooledDataSource  - PooledDataSource forcefully closed/removed all connections.
2020-05-28 08:24:31,363 127    [           main] DEBUG source.pooled.PooledDataSource  - PooledDataSource forcefully closed/removed all connections.
2020-05-28 08:24:31,363 127    [           main] DEBUG source.pooled.PooledDataSource  - PooledDataSource forcefully closed/removed all connections.
2020-05-28 08:24:31,452 216    [           main] DEBUG ansaction.jdbc.JdbcTransaction  - Opening JDBC Connection
2020-05-28 08:24:31,705 469    [           main] DEBUG source.pooled.PooledDataSource  - Created connection 1122805102.
2020-05-28 08:24:31,706 470    [           main] DEBUG ansaction.jdbc.JdbcTransaction  - Setting autocommit to false on JDBC Connection [com.mysql.jdbc.JDBC4Connection@42eca56e]
2020-05-28 08:24:31,709 473    [           main] DEBUG  com.ljf.dao.IUserDao.saveUser  - ==>  Preparing: /*keyProperty 属性名称对应实体类 keyColumn 数据库id的值 resultType 数据类型 order 先做这件事还是后做 插入之后*/ insert into user(username,address,sex,birthday) values (?,?,?,?) 
2020-05-28 08:24:31,739 503    [           main] DEBUG  com.ljf.dao.IUserDao.saveUser  - ==> Parameters: null, null, null, null
2020-05-28 08:25:33,567 0      [           main] DEBUG ache.ibatis.logging.LogFactory  - Logging initialized using 'class org.apache.ibatis.logging.log4j.Log4jImpl' adapter.
2020-05-28 08:25:33,685 118    [           main] DEBUG source.pooled.PooledDataSource  - PooledDataSource forcefully closed/removed all connections.
2020-05-28 08:25:33,685 118    [           main] DEBUG source.pooled.PooledDataSource  - PooledDataSource forcefully closed/removed all connections.
2020-05-28 08:25:33,686 119    [           main] DEBUG source.pooled.PooledDataSource  - PooledDataSource forcefully closed/removed all connections.
2020-05-28 08:25:33,686 119    [           main] DEBUG source.pooled.PooledDataSource  - PooledDataSource forcefully closed/removed all connections.
2020-05-28 08:25:33,782 215    [           main] DEBUG ansaction.jdbc.JdbcTransaction  - Opening JDBC Connection
2020-05-28 08:25:34,042 475    [           main] DEBUG source.pooled.PooledDataSource  - Created connection 1122805102.
2020-05-28 08:25:34,043 476    [           main] DEBUG ansaction.jdbc.JdbcTransaction  - Setting autocommit to false on JDBC Connection [com.mysql.jdbc.JDBC4Connection@42eca56e]
2020-05-28 08:25:34,047 480    [           main] DEBUG  com.ljf.dao.IUserDao.saveUser  - ==>  Preparing: /*keyProperty 属性名称对应实体类 keyColumn 数据库id的值 resultType 数据类型 order 先做这件事还是后做 插入之后*/ insert into user(username,address,sex,birthday) values (?,?,?,?) 
2020-05-28 08:25:34,115 548    [           main] DEBUG  com.ljf.dao.IUserDao.saveUser  - ==> Parameters: mybatis last insertid(String), 北京市昌平区(String), 男(String), 2020-05-28 08:25:33.768(Timestamp)
2020-05-28 08:25:34,127 560    [           main] DEBUG  com.ljf.dao.IUserDao.saveUser  - <==    Updates: 1
2020-05-28 08:25:34,130 563    [           main] DEBUG ao.IUserDao.saveUser!selectKey  - ==>  Preparing: select last_insert_id(); 
2020-05-28 08:25:34,131 564    [           main] DEBUG ao.IUserDao.saveUser!selectKey  - ==> Parameters: 
2020-05-28 08:25:34,156 589    [           main] DEBUG ao.IUserDao.saveUser!selectKey  - <==      Total: 1
2020-05-28 08:25:34,157 590    [           main] DEBUG ansaction.jdbc.JdbcTransaction  - Committing JDBC Connection [com.mysql.jdbc.JDBC4Connection@42eca56e]
2020-05-28 08:25:34,161 594    [           main] DEBUG ansaction.jdbc.JdbcTransaction  - Resetting autocommit to true on JDBC Connection [com.mysql.jdbc.JDBC4Connection@42eca56e]
2020-05-28 08:25:34,161 594    [           main] DEBUG ansaction.jdbc.JdbcTransaction  - Closing JDBC Connection [com.mysql.jdbc.JDBC4Connection@42eca56e]
2020-05-28 08:25:34,162 595    [           main] DEBUG source.pooled.PooledDataSource  - Returned connection 1122805102 to pool.
2020-05-28 08:26:39,602 1      [           main] DEBUG ache.ibatis.logging.LogFactory  - Logging initialized using 'class org.apache.ibatis.logging.log4j.Log4jImpl' adapter.
2020-05-28 08:26:39,705 104    [           main] DEBUG source.pooled.PooledDataSource  - PooledDataSource forcefully closed/removed all connections.
2020-05-28 08:26:39,705 104    [           main] DEBUG source.pooled.PooledDataSource  - PooledDataSource forcefully closed/removed all connections.
2020-05-28 08:26:39,705 104    [           main] DEBUG source.pooled.PooledDataSource  - PooledDataSource forcefully closed/removed all connections.
2020-05-28 08:26:39,705 104    [           main] DEBUG source.pooled.PooledDataSource  - PooledDataSource forcefully closed/removed all connections.
2020-05-28 08:26:54,218 0      [           main] DEBUG ache.ibatis.logging.LogFactory  - Logging initialized using 'class org.apache.ibatis.logging.log4j.Log4jImpl' adapter.
2020-05-28 08:26:54,321 103    [           main] DEBUG source.pooled.PooledDataSource  - PooledDataSource forcefully closed/removed all connections.
2020-05-28 08:26:54,321 103    [           main] DEBUG source.pooled.PooledDataSource  - PooledDataSource forcefully closed/removed all connections.
2020-05-28 08:26:54,321 103    [           main] DEBUG source.pooled.PooledDataSource  - PooledDataSource forcefully closed/removed all connections.
2020-05-28 08:26:54,321 103    [           main] DEBUG source.pooled.PooledDataSource  - PooledDataSource forcefully closed/removed all connections.
2020-05-28 08:29:14,458 0      [           main] DEBUG ache.ibatis.logging.LogFactory  - Logging initialized using 'class org.apache.ibatis.logging.log4j.Log4jImpl' adapter.
2020-05-28 08:29:14,683 225    [           main] DEBUG source.pooled.PooledDataSource  - PooledDataSource forcefully closed/removed all connections.
2020-05-28 08:29:14,683 225    [           main] DEBUG source.pooled.PooledDataSource  - PooledDataSource forcefully closed/removed all connections.
2020-05-28 08:29:14,683 225    [           main] DEBUG source.pooled.PooledDataSource  - PooledDataSource forcefully closed/removed all connections.
2020-05-28 08:29:14,684 226    [           main] DEBUG source.pooled.PooledDataSource  - PooledDataSource forcefully closed/removed all connections.
2020-05-28 08:29:51,472 0      [           main] DEBUG ache.ibatis.logging.LogFactory  - Logging initialized using 'class org.apache.ibatis.logging.log4j.Log4jImpl' adapter.
2020-05-28 08:29:51,597 125    [           main] DEBUG source.pooled.PooledDataSource  - PooledDataSource forcefully closed/removed all connections.
2020-05-28 08:29:51,599 127    [           main] DEBUG source.pooled.PooledDataSource  - PooledDataSource forcefully closed/removed all connections.
2020-05-28 08:29:51,601 129    [           main] DEBUG source.pooled.PooledDataSource  - PooledDataSource forcefully closed/removed all connections.
2020-05-28 08:29:51,601 129    [           main] DEBUG source.pooled.PooledDataSource  - PooledDataSource forcefully closed/removed all connections.
2020-05-28 08:29:51,695 223    [           main] DEBUG ansaction.jdbc.JdbcTransaction  - Opening JDBC Connection
2020-05-28 08:29:52,380 908    [           main] DEBUG source.pooled.PooledDataSource  - Created connection 192794887.
2020-05-28 08:29:52,381 909    [           main] DEBUG ansaction.jdbc.JdbcTransaction  - Setting autocommit to false on JDBC Connection [com.mysql.jdbc.JDBC4Connection@b7dd107]
2020-05-28 08:29:52,385 913    [           main] DEBUG om.ljf.dao.IUserDao.updateUser  - ==>  Preparing: update user set username=?,address=?,sex=?,birthday=? 
2020-05-28 08:29:52,473 1001   [           main] DEBUG om.ljf.dao.IUserDao.updateUser  - ==> Parameters: 爸爸(String), 山西(String), 男(String), 2020-05-28 08:29:51.684(Timestamp)
2020-05-28 08:29:52,482 1010   [           main] DEBUG om.ljf.dao.IUserDao.updateUser  - <==    Updates: 8
2020-05-28 08:29:52,482 1010   [           main] DEBUG ansaction.jdbc.JdbcTransaction  - Committing JDBC Connection [com.mysql.jdbc.JDBC4Connection@b7dd107]
2020-05-28 08:29:52,489 1017   [           main] DEBUG ansaction.jdbc.JdbcTransaction  - Resetting autocommit to true on JDBC Connection [com.mysql.jdbc.JDBC4Connection@b7dd107]
2020-05-28 08:29:52,491 1019   [           main] DEBUG ansaction.jdbc.JdbcTransaction  - Closing JDBC Connection [com.mysql.jdbc.JDBC4Connection@b7dd107]
2020-05-28 08:29:52,491 1019   [           main] DEBUG source.pooled.PooledDataSource  - Returned connection 192794887 to pool.
2020-05-28 08:31:32,446 0      [           main] DEBUG ache.ibatis.logging.LogFactory  - Logging initialized using 'class org.apache.ibatis.logging.log4j.Log4jImpl' adapter.
2020-05-28 08:31:32,543 97     [           main] DEBUG source.pooled.PooledDataSource  - PooledDataSource forcefully closed/removed all connections.
2020-05-28 08:31:32,543 97     [           main] DEBUG source.pooled.PooledDataSource  - PooledDataSource forcefully closed/removed all connections.
2020-05-28 08:31:32,543 97     [           main] DEBUG source.pooled.PooledDataSource  - PooledDataSource forcefully closed/removed all connections.
2020-05-28 08:31:32,543 97     [           main] DEBUG source.pooled.PooledDataSource  - PooledDataSource forcefully closed/removed all connections.
2020-05-28 08:31:32,619 173    [           main] DEBUG ansaction.jdbc.JdbcTransaction  - Opening JDBC Connection
2020-05-28 08:31:32,853 407    [           main] DEBUG source.pooled.PooledDataSource  - Created connection 192794887.
2020-05-28 08:31:32,853 407    [           main] DEBUG ansaction.jdbc.JdbcTransaction  - Setting autocommit to false on JDBC Connection [com.mysql.jdbc.JDBC4Connection@b7dd107]
2020-05-28 08:31:32,855 409    [           main] DEBUG om.ljf.dao.IUserDao.updateUser  - ==>  Preparing: update user set username=?,address=?,sex=?,birthday=? 
2020-05-28 08:31:32,892 446    [           main] DEBUG om.ljf.dao.IUserDao.updateUser  - ==> Parameters: ni(String), 山西(String), 男(String), 2020-05-28 08:31:32.61(Timestamp)
2020-05-28 08:31:32,912 466    [           main] DEBUG om.ljf.dao.IUserDao.updateUser  - <==    Updates: 8
2020-05-28 08:31:32,913 467    [           main] DEBUG ansaction.jdbc.JdbcTransaction  - Committing JDBC Connection [com.mysql.jdbc.JDBC4Connection@b7dd107]
2020-05-28 08:31:32,918 472    [           main] DEBUG ansaction.jdbc.JdbcTransaction  - Resetting autocommit to true on JDBC Connection [com.mysql.jdbc.JDBC4Connection@b7dd107]
2020-05-28 08:31:32,918 472    [           main] DEBUG ansaction.jdbc.JdbcTransaction  - Closing JDBC Connection [com.mysql.jdbc.JDBC4Connection@b7dd107]
2020-05-28 08:31:32,918 472    [           main] DEBUG source.pooled.PooledDataSource  - Returned connection 192794887 to pool.
2020-05-28 08:32:27,002 0      [           main] DEBUG ache.ibatis.logging.LogFactory  - Logging initialized using 'class org.apache.ibatis.logging.log4j.Log4jImpl' adapter.
2020-05-28 08:32:27,253 251    [           main] DEBUG source.pooled.PooledDataSource  - PooledDataSource forcefully closed/removed all connections.
2020-05-28 08:32:27,254 252    [           main] DEBUG source.pooled.PooledDataSource  - PooledDataSource forcefully closed/removed all connections.
2020-05-28 08:32:27,254 252    [           main] DEBUG source.pooled.PooledDataSource  - PooledDataSource forcefully closed/removed all connections.
2020-05-28 08:32:27,254 252    [           main] DEBUG source.pooled.PooledDataSource  - PooledDataSource forcefully closed/removed all connections.
2020-05-28 08:32:27,475 473    [           main] DEBUG ansaction.jdbc.JdbcTransaction  - Opening JDBC Connection
2020-05-28 08:32:28,181 1179   [           main] DEBUG source.pooled.PooledDataSource  - Created connection 192794887.
2020-05-28 08:32:28,181 1179   [           main] DEBUG ansaction.jdbc.JdbcTransaction  - Setting autocommit to false on JDBC Connection [com.mysql.jdbc.JDBC4Connection@b7dd107]
2020-05-28 08:32:28,186 1184   [           main] DEBUG om.ljf.dao.IUserDao.updateUser  - ==>  Preparing: update user set username=?,address=?,sex=?,birthday=? 
2020-05-28 08:32:28,273 1271   [           main] DEBUG om.ljf.dao.IUserDao.updateUser  - ==> Parameters: aaaa(String), 山西(String), 男(String), 2020-05-28 08:32:27.455(Timestamp)
2020-05-28 08:32:28,287 1285   [           main] DEBUG om.ljf.dao.IUserDao.updateUser  - <==    Updates: 8
2020-05-28 08:32:28,288 1286   [           main] DEBUG ansaction.jdbc.JdbcTransaction  - Committing JDBC Connection [com.mysql.jdbc.JDBC4Connection@b7dd107]
2020-05-28 08:32:28,297 1295   [           main] DEBUG ansaction.jdbc.JdbcTransaction  - Resetting autocommit to true on JDBC Connection [com.mysql.jdbc.JDBC4Connection@b7dd107]
2020-05-28 08:32:28,298 1296   [           main] DEBUG ansaction.jdbc.JdbcTransaction  - Closing JDBC Connection [com.mysql.jdbc.JDBC4Connection@b7dd107]
2020-05-28 08:32:28,298 1296   [           main] DEBUG source.pooled.PooledDataSource  - Returned connection 192794887 to pool.
2020-05-28 08:39:31,600 0      [           main] DEBUG ache.ibatis.logging.LogFactory  - Logging initialized using 'class org.apache.ibatis.logging.log4j.Log4jImpl' adapter.
2020-05-28 08:39:31,700 100    [           main] DEBUG source.pooled.PooledDataSource  - PooledDataSource forcefully closed/removed all connections.
2020-05-28 08:39:31,700 100    [           main] DEBUG source.pooled.PooledDataSource  - PooledDataSource forcefully closed/removed all connections.
2020-05-28 08:39:31,700 100    [           main] DEBUG source.pooled.PooledDataSource  - PooledDataSource forcefully closed/removed all connections.
2020-05-28 08:39:31,701 101    [           main] DEBUG source.pooled.PooledDataSource  - PooledDataSource forcefully closed/removed all connections.
2020-05-28 08:39:31,785 185    [           main] DEBUG ansaction.jdbc.JdbcTransaction  - Opening JDBC Connection
2020-05-28 08:39:32,035 435    [           main] DEBUG source.pooled.PooledDataSource  - Created connection 192794887.
2020-05-28 08:39:32,036 436    [           main] DEBUG ansaction.jdbc.JdbcTransaction  - Setting autocommit to false on JDBC Connection [com.mysql.jdbc.JDBC4Connection@b7dd107]
2020-05-28 08:39:32,040 440    [           main] DEBUG om.ljf.dao.IUserDao.updateUser  - ==>  Preparing: update user set username=?,address=?,sex=?,birthday=? 
2020-05-28 08:39:32,108 508    [           main] DEBUG om.ljf.dao.IUserDao.updateUser  - ==> Parameters: null, null, null, null
2020-05-28 08:40:00,171 0      [           main] DEBUG ache.ibatis.logging.LogFactory  - Logging initialized using 'class org.apache.ibatis.logging.log4j.Log4jImpl' adapter.
2020-05-28 08:40:00,272 101    [           main] DEBUG source.pooled.PooledDataSource  - PooledDataSource forcefully closed/removed all connections.
2020-05-28 08:40:00,272 101    [           main] DEBUG source.pooled.PooledDataSource  - PooledDataSource forcefully closed/removed all connections.
2020-05-28 08:40:00,272 101    [           main] DEBUG source.pooled.PooledDataSource  - PooledDataSource forcefully closed/removed all connections.
2020-05-28 08:40:00,272 101    [           main] DEBUG source.pooled.PooledDataSource  - PooledDataSource forcefully closed/removed all connections.
2020-05-28 08:40:00,355 184    [           main] DEBUG ansaction.jdbc.JdbcTransaction  - Opening JDBC Connection
2020-05-28 08:40:00,607 436    [           main] DEBUG source.pooled.PooledDataSource  - Created connection 192794887.
2020-05-28 08:40:00,607 436    [           main] DEBUG ansaction.jdbc.JdbcTransaction  - Setting autocommit to false on JDBC Connection [com.mysql.jdbc.JDBC4Connection@b7dd107]
2020-05-28 08:40:00,610 439    [           main] DEBUG om.ljf.dao.IUserDao.updateUser  - ==>  Preparing: update user set username=?,address=?,sex=?,birthday=? 
2020-05-28 08:40:00,655 484    [           main] DEBUG om.ljf.dao.IUserDao.updateUser  - ==> Parameters: aaaa(String), 山西(String), 男(String), 2020-05-28 08:40:00.345(Timestamp)
2020-05-28 08:40:00,662 491    [           main] DEBUG om.ljf.dao.IUserDao.updateUser  - <==    Updates: 8
2020-05-28 08:40:00,663 492    [           main] DEBUG ansaction.jdbc.JdbcTransaction  - Committing JDBC Connection [com.mysql.jdbc.JDBC4Connection@b7dd107]
2020-05-28 08:40:00,668 497    [           main] DEBUG ansaction.jdbc.JdbcTransaction  - Resetting autocommit to true on JDBC Connection [com.mysql.jdbc.JDBC4Connection@b7dd107]
2020-05-28 08:40:00,668 497    [           main] DEBUG ansaction.jdbc.JdbcTransaction  - Closing JDBC Connection [com.mysql.jdbc.JDBC4Connection@b7dd107]
2020-05-28 08:40:00,669 498    [           main] DEBUG source.pooled.PooledDataSource  - Returned connection 192794887 to pool.
2020-05-28 08:40:39,565 0      [           main] DEBUG ache.ibatis.logging.LogFactory  - Logging initialized using 'class org.apache.ibatis.logging.log4j.Log4jImpl' adapter.
2020-05-28 08:40:39,681 116    [           main] DEBUG source.pooled.PooledDataSource  - PooledDataSource forcefully closed/removed all connections.
2020-05-28 08:40:39,681 116    [           main] DEBUG source.pooled.PooledDataSource  - PooledDataSource forcefully closed/removed all connections.
2020-05-28 08:40:39,681 116    [           main] DEBUG source.pooled.PooledDataSource  - PooledDataSource forcefully closed/removed all connections.
2020-05-28 08:40:39,681 116    [           main] DEBUG source.pooled.PooledDataSource  - PooledDataSource forcefully closed/removed all connections.
2020-05-28 08:40:39,759 194    [           main] DEBUG ansaction.jdbc.JdbcTransaction  - Opening JDBC Connection
2020-05-28 08:40:40,067 502    [           main] DEBUG source.pooled.PooledDataSource  - Created connection 192794887.
2020-05-28 08:40:40,067 502    [           main] DEBUG ansaction.jdbc.JdbcTransaction  - Setting autocommit to false on JDBC Connection [com.mysql.jdbc.JDBC4Connection@b7dd107]
2020-05-28 08:40:40,072 507    [           main] DEBUG om.ljf.dao.IUserDao.updateUser  - ==>  Preparing: update user set username=?,address=?,sex=?,birthday=? 
2020-05-28 08:40:40,149 584    [           main] DEBUG om.ljf.dao.IUserDao.updateUser  - ==> Parameters: aaaa(String), 山西(String), 男(String), 2020-05-28 08:40:39.749(Timestamp)
2020-05-28 08:40:40,164 599    [           main] DEBUG om.ljf.dao.IUserDao.updateUser  - <==    Updates: 8
2020-05-28 08:40:40,164 599    [           main] DEBUG ansaction.jdbc.JdbcTransaction  - Committing JDBC Connection [com.mysql.jdbc.JDBC4Connection@b7dd107]
2020-05-28 08:40:40,171 606    [           main] DEBUG ansaction.jdbc.JdbcTransaction  - Resetting autocommit to true on JDBC Connection [com.mysql.jdbc.JDBC4Connection@b7dd107]
2020-05-28 08:40:40,172 607    [           main] DEBUG ansaction.jdbc.JdbcTransaction  - Closing JDBC Connection [com.mysql.jdbc.JDBC4Connection@b7dd107]
2020-05-28 08:40:40,172 607    [           main] DEBUG source.pooled.PooledDataSource  - Returned connection 192794887 to pool.
2020-05-28 08:51:47,242 0      [           main] DEBUG ache.ibatis.logging.LogFactory  - Logging initialized using 'class org.apache.ibatis.logging.log4j.Log4jImpl' adapter.
2020-05-28 08:51:47,346 104    [           main] DEBUG source.pooled.PooledDataSource  - PooledDataSource forcefully closed/removed all connections.
2020-05-28 08:51:47,346 104    [           main] DEBUG source.pooled.PooledDataSource  - PooledDataSource forcefully closed/removed all connections.
2020-05-28 08:51:47,346 104    [           main] DEBUG source.pooled.PooledDataSource  - PooledDataSource forcefully closed/removed all connections.
2020-05-28 08:51:47,346 104    [           main] DEBUG source.pooled.PooledDataSource  - PooledDataSource forcefully closed/removed all connections.
2020-05-28 08:51:47,436 194    [           main] DEBUG ansaction.jdbc.JdbcTransaction  - Opening JDBC Connection
2020-05-28 08:51:47,727 485    [           main] DEBUG source.pooled.PooledDataSource  - Created connection 192794887.
2020-05-28 08:51:47,727 485    [           main] DEBUG ansaction.jdbc.JdbcTransaction  - Setting autocommit to false on JDBC Connection [com.mysql.jdbc.JDBC4Connection@b7dd107]
2020-05-28 08:51:47,729 487    [           main] DEBUG om.ljf.dao.IUserDao.updateUser  - ==>  Preparing: update user set username=?,address=?,sex=?,birthday=? 
2020-05-28 08:51:47,774 532    [           main] DEBUG om.ljf.dao.IUserDao.updateUser  - ==> Parameters: aaaa(String), 山西(String), 男(String), 2020-05-28 08:51:47.419(Timestamp)
2020-05-28 08:51:47,781 539    [           main] DEBUG om.ljf.dao.IUserDao.updateUser  - <==    Updates: 8
2020-05-28 08:51:47,781 539    [           main] DEBUG ansaction.jdbc.JdbcTransaction  - Committing JDBC Connection [com.mysql.jdbc.JDBC4Connection@b7dd107]
2020-05-28 08:51:47,790 548    [           main] DEBUG ansaction.jdbc.JdbcTransaction  - Resetting autocommit to true on JDBC Connection [com.mysql.jdbc.JDBC4Connection@b7dd107]
2020-05-28 08:51:47,791 549    [           main] DEBUG ansaction.jdbc.JdbcTransaction  - Closing JDBC Connection [com.mysql.jdbc.JDBC4Connection@b7dd107]
2020-05-28 08:51:47,791 549    [           main] DEBUG source.pooled.PooledDataSource  - Returned connection 192794887 to pool.
2020-05-28 09:00:42,677 0      [           main] DEBUG ache.ibatis.logging.LogFactory  - Logging initialized using 'class org.apache.ibatis.logging.log4j.Log4jImpl' adapter.
2020-05-28 09:00:42,801 124    [           main] DEBUG source.pooled.PooledDataSource  - PooledDataSource forcefully closed/removed all connections.
2020-05-28 09:00:42,802 125    [           main] DEBUG source.pooled.PooledDataSource  - PooledDataSource forcefully closed/removed all connections.
2020-05-28 09:00:42,802 125    [           main] DEBUG source.pooled.PooledDataSource  - PooledDataSource forcefully closed/removed all connections.
2020-05-28 09:00:42,802 125    [           main] DEBUG source.pooled.PooledDataSource  - PooledDataSource forcefully closed/removed all connections.
2020-05-28 09:00:42,899 222    [           main] DEBUG ansaction.jdbc.JdbcTransaction  - Opening JDBC Connection
2020-05-28 09:00:43,151 474    [           main] DEBUG source.pooled.PooledDataSource  - Created connection 192794887.
2020-05-28 09:00:43,151 474    [           main] DEBUG ansaction.jdbc.JdbcTransaction  - Setting autocommit to false on JDBC Connection [com.mysql.jdbc.JDBC4Connection@b7dd107]
2020-05-28 09:00:43,153 476    [           main] DEBUG om.ljf.dao.IUserDao.updateUser  - ==>  Preparing: update user set username=?,address=?,sex=?,birthday=? 
2020-05-28 09:00:43,194 517    [           main] DEBUG om.ljf.dao.IUserDao.updateUser  - ==> Parameters: aaaa(String), 山西(String), 男(String), 2020-05-28 09:00:42.885(Timestamp)
2020-05-28 09:00:43,204 527    [           main] DEBUG om.ljf.dao.IUserDao.updateUser  - <==    Updates: 8
2020-05-28 09:00:43,204 527    [           main] DEBUG ansaction.jdbc.JdbcTransaction  - Committing JDBC Connection [com.mysql.jdbc.JDBC4Connection@b7dd107]
2020-05-28 09:00:43,211 534    [           main] DEBUG ansaction.jdbc.JdbcTransaction  - Resetting autocommit to true on JDBC Connection [com.mysql.jdbc.JDBC4Connection@b7dd107]
2020-05-28 09:00:43,211 534    [           main] DEBUG ansaction.jdbc.JdbcTransaction  - Closing JDBC Connection [com.mysql.jdbc.JDBC4Connection@b7dd107]
2020-05-28 09:00:43,211 534    [           main] DEBUG source.pooled.PooledDataSource  - Returned connection 192794887 to pool.
2020-05-28 09:01:27,089 0      [           main] DEBUG ache.ibatis.logging.LogFactory  - Logging initialized using 'class org.apache.ibatis.logging.log4j.Log4jImpl' adapter.
2020-05-28 09:01:27,189 100    [           main] DEBUG source.pooled.PooledDataSource  - PooledDataSource forcefully closed/removed all connections.
2020-05-28 09:01:27,189 100    [           main] DEBUG source.pooled.PooledDataSource  - PooledDataSource forcefully closed/removed all connections.
2020-05-28 09:01:27,189 100    [           main] DEBUG source.pooled.PooledDataSource  - PooledDataSource forcefully closed/removed all connections.
2020-05-28 09:01:27,190 101    [           main] DEBUG source.pooled.PooledDataSource  - PooledDataSource forcefully closed/removed all connections.
2020-05-28 09:01:27,274 185    [           main] DEBUG ansaction.jdbc.JdbcTransaction  - Opening JDBC Connection
2020-05-28 09:01:27,511 422    [           main] DEBUG source.pooled.PooledDataSource  - Created connection 192794887.
2020-05-28 09:01:27,511 422    [           main] DEBUG ansaction.jdbc.JdbcTransaction  - Setting autocommit to false on JDBC Connection [com.mysql.jdbc.JDBC4Connection@b7dd107]
2020-05-28 09:01:27,514 425    [           main] DEBUG om.ljf.dao.IUserDao.updateUser  - ==>  Preparing: update user set username=?,address=?,sex=?,birthday=? 
2020-05-28 09:01:27,580 491    [           main] DEBUG om.ljf.dao.IUserDao.updateUser  - ==> Parameters: 十大(String), 山西(String), 男(String), 2020-05-28 09:01:27.264(Timestamp)
2020-05-28 09:01:27,596 507    [           main] DEBUG om.ljf.dao.IUserDao.updateUser  - <==    Updates: 8
2020-05-28 09:01:27,596 507    [           main] DEBUG ansaction.jdbc.JdbcTransaction  - Rolling back JDBC Connection [com.mysql.jdbc.JDBC4Connection@b7dd107]
2020-05-28 09:01:27,604 515    [           main] DEBUG ansaction.jdbc.JdbcTransaction  - Resetting autocommit to true on JDBC Connection [com.mysql.jdbc.JDBC4Connection@b7dd107]
2020-05-28 09:01:27,604 515    [           main] DEBUG ansaction.jdbc.JdbcTransaction  - Closing JDBC Connection [com.mysql.jdbc.JDBC4Connection@b7dd107]
2020-05-28 09:01:27,605 516    [           main] DEBUG source.pooled.PooledDataSource  - Returned connection 192794887 to pool.
2020-05-28 09:05:03,420 0      [           main] DEBUG ache.ibatis.logging.LogFactory  - Logging initialized using 'class org.apache.ibatis.logging.log4j.Log4jImpl' adapter.
2020-05-28 09:05:03,595 175    [           main] DEBUG source.pooled.PooledDataSource  - PooledDataSource forcefully closed/removed all connections.
2020-05-28 09:05:03,595 175    [           main] DEBUG source.pooled.PooledDataSource  - PooledDataSource forcefully closed/removed all connections.
2020-05-28 09:05:03,595 175    [           main] DEBUG source.pooled.PooledDataSource  - PooledDataSource forcefully closed/removed all connections.
2020-05-28 09:05:03,595 175    [           main] DEBUG source.pooled.PooledDataSource  - PooledDataSource forcefully closed/removed all connections.
2020-05-28 09:05:33,475 30055  [           main] DEBUG ansaction.jdbc.JdbcTransaction  - Opening JDBC Connection
2020-05-28 09:05:34,103 30683  [           main] DEBUG source.pooled.PooledDataSource  - Created connection 1936722816.
2020-05-28 09:05:34,104 30684  [           main] DEBUG ansaction.jdbc.JdbcTransaction  - Setting autocommit to false on JDBC Connection [com.mysql.jdbc.JDBC4Connection@73700b80]
2020-05-28 09:05:34,116 30696  [           main] DEBUG om.ljf.dao.IUserDao.updateUser  - ==>  Preparing: update user set username=?,address=?,sex=?,birthday=? 
2020-05-28 09:05:34,382 30962  [           main] DEBUG om.ljf.dao.IUserDao.updateUser  - ==> Parameters: 十大(String), 山西(String), 男(String), 2020-05-28 09:05:23.462(Timestamp)
2020-05-28 09:05:34,394 30974  [           main] DEBUG om.ljf.dao.IUserDao.updateUser  - <==    Updates: 8
2020-05-28 09:06:35,825 92405  [           main] DEBUG ansaction.jdbc.JdbcTransaction  - Committing JDBC Connection [com.mysql.jdbc.JDBC4Connection@73700b80]
2020-05-28 09:06:37,733 94313  [           main] DEBUG ansaction.jdbc.JdbcTransaction  - Resetting autocommit to true on JDBC Connection [com.mysql.jdbc.JDBC4Connection@73700b80]
2020-05-28 09:06:37,735 94315  [           main] DEBUG ansaction.jdbc.JdbcTransaction  - Closing JDBC Connection [com.mysql.jdbc.JDBC4Connection@73700b80]
2020-05-28 09:06:37,736 94316  [           main] DEBUG source.pooled.PooledDataSource  - Returned connection 1936722816 to pool.
2020-05-28 09:12:19,550 0      [           main] DEBUG ache.ibatis.logging.LogFactory  - Logging initialized using 'class org.apache.ibatis.logging.log4j.Log4jImpl' adapter.
2020-05-28 09:12:19,651 101    [           main] DEBUG source.pooled.PooledDataSource  - PooledDataSource forcefully closed/removed all connections.
2020-05-28 09:12:19,651 101    [           main] DEBUG source.pooled.PooledDataSource  - PooledDataSource forcefully closed/removed all connections.
2020-05-28 09:12:19,651 101    [           main] DEBUG source.pooled.PooledDataSource  - PooledDataSource forcefully closed/removed all connections.
2020-05-28 09:12:19,651 101    [           main] DEBUG source.pooled.PooledDataSource  - PooledDataSource forcefully closed/removed all connections.
2020-05-28 09:12:19,729 179    [           main] DEBUG ansaction.jdbc.JdbcTransaction  - Opening JDBC Connection
2020-05-28 09:12:19,976 426    [           main] DEBUG source.pooled.PooledDataSource  - Created connection 192794887.
2020-05-28 09:12:19,977 427    [           main] DEBUG ansaction.jdbc.JdbcTransaction  - Setting autocommit to false on JDBC Connection [com.mysql.jdbc.JDBC4Connection@b7dd107]
2020-05-28 09:12:19,979 429    [           main] DEBUG om.ljf.dao.IUserDao.updateUser  - ==>  Preparing: update user set username=?,address=?,sex=?,birthday=? 
2020-05-28 09:12:20,015 465    [           main] DEBUG om.ljf.dao.IUserDao.updateUser  - ==> Parameters: 十大(String), 山西(String), 男(String), 2020-05-28 09:12:19.719(Timestamp)
2020-05-28 09:12:20,021 471    [           main] DEBUG om.ljf.dao.IUserDao.updateUser  - <==    Updates: 8
2020-05-28 09:12:20,021 471    [           main] DEBUG ansaction.jdbc.JdbcTransaction  - Committing JDBC Connection [com.mysql.jdbc.JDBC4Connection@b7dd107]
2020-05-28 09:12:20,029 479    [           main] DEBUG ansaction.jdbc.JdbcTransaction  - Resetting autocommit to true on JDBC Connection [com.mysql.jdbc.JDBC4Connection@b7dd107]
2020-05-28 09:12:20,030 480    [           main] DEBUG ansaction.jdbc.JdbcTransaction  - Closing JDBC Connection [com.mysql.jdbc.JDBC4Connection@b7dd107]
2020-05-28 09:12:20,030 480    [           main] DEBUG source.pooled.PooledDataSource  - Returned connection 192794887 to pool.
2020-05-28 09:18:04,614 0      [           main] DEBUG ache.ibatis.logging.LogFactory  - Logging initialized using 'class org.apache.ibatis.logging.log4j.Log4jImpl' adapter.
2020-05-28 09:18:04,720 106    [           main] DEBUG source.pooled.PooledDataSource  - PooledDataSource forcefully closed/removed all connections.
2020-05-28 09:18:04,720 106    [           main] DEBUG source.pooled.PooledDataSource  - PooledDataSource forcefully closed/removed all connections.
2020-05-28 09:18:04,720 106    [           main] DEBUG source.pooled.PooledDataSource  - PooledDataSource forcefully closed/removed all connections.
2020-05-28 09:18:04,720 106    [           main] DEBUG source.pooled.PooledDataSource  - PooledDataSource forcefully closed/removed all connections.
2020-05-28 09:18:04,805 191    [           main] DEBUG ansaction.jdbc.JdbcTransaction  - Opening JDBC Connection
2020-05-28 09:18:05,096 482    [           main] DEBUG source.pooled.PooledDataSource  - Created connection 192794887.
2020-05-28 09:18:05,097 483    [           main] DEBUG ansaction.jdbc.JdbcTransaction  - Setting autocommit to false on JDBC Connection [com.mysql.jdbc.JDBC4Connection@b7dd107]
2020-05-28 09:18:05,100 486    [           main] DEBUG om.ljf.dao.IUserDao.updateUser  - ==>  Preparing: update user set username=?,address=?,sex=?,birthday=? 
2020-05-28 09:18:05,162 548    [           main] DEBUG om.ljf.dao.IUserDao.updateUser  - ==> Parameters: 十大(String), 山西(String), 男(String), 2020-05-28 09:18:04.794(Timestamp)
2020-05-28 09:18:05,174 560    [           main] DEBUG om.ljf.dao.IUserDao.updateUser  - <==    Updates: 8
2020-05-28 09:18:05,175 561    [           main] DEBUG ansaction.jdbc.JdbcTransaction  - Committing JDBC Connection [com.mysql.jdbc.JDBC4Connection@b7dd107]
2020-05-28 09:18:05,179 565    [           main] DEBUG ansaction.jdbc.JdbcTransaction  - Resetting autocommit to true on JDBC Connection [com.mysql.jdbc.JDBC4Connection@b7dd107]
2020-05-28 09:18:05,180 566    [           main] DEBUG ansaction.jdbc.JdbcTransaction  - Closing JDBC Connection [com.mysql.jdbc.JDBC4Connection@b7dd107]
2020-05-28 09:18:05,180 566    [           main] DEBUG source.pooled.PooledDataSource  - Returned connection 192794887 to pool.
2020-05-28 09:18:30,900 1      [           main] DEBUG ache.ibatis.logging.LogFactory  - Logging initialized using 'class org.apache.ibatis.logging.log4j.Log4jImpl' adapter.
2020-05-28 09:18:31,010 111    [           main] DEBUG source.pooled.PooledDataSource  - PooledDataSource forcefully closed/removed all connections.
2020-05-28 09:18:31,010 111    [           main] DEBUG source.pooled.PooledDataSource  - PooledDataSource forcefully closed/removed all connections.
2020-05-28 09:18:31,010 111    [           main] DEBUG source.pooled.PooledDataSource  - PooledDataSource forcefully closed/removed all connections.
2020-05-28 09:18:31,011 112    [           main] DEBUG source.pooled.PooledDataSource  - PooledDataSource forcefully closed/removed all connections.
2020-05-28 09:18:31,092 193    [           main] DEBUG ansaction.jdbc.JdbcTransaction  - Opening JDBC Connection
2020-05-28 09:18:31,368 469    [           main] DEBUG source.pooled.PooledDataSource  - Created connection 192794887.
2020-05-28 09:18:31,369 470    [           main] DEBUG ansaction.jdbc.JdbcTransaction  - Setting autocommit to false on JDBC Connection [com.mysql.jdbc.JDBC4Connection@b7dd107]
2020-05-28 09:18:31,371 472    [           main] DEBUG om.ljf.dao.IUserDao.updateUser  - ==>  Preparing: update user set username=?,address=?,sex=?,birthday=? 
2020-05-28 09:18:31,417 518    [           main] DEBUG om.ljf.dao.IUserDao.updateUser  - ==> Parameters: 十大(String), 山西(String), 男(String), 2020-05-28 09:18:31.082(Timestamp)
2020-05-28 09:18:31,422 523    [           main] DEBUG om.ljf.dao.IUserDao.updateUser  - <==    Updates: 8
2020-05-28 09:18:31,423 524    [           main] DEBUG ansaction.jdbc.JdbcTransaction  - Committing JDBC Connection [com.mysql.jdbc.JDBC4Connection@b7dd107]
2020-05-28 09:18:31,427 528    [           main] DEBUG ansaction.jdbc.JdbcTransaction  - Resetting autocommit to true on JDBC Connection [com.mysql.jdbc.JDBC4Connection@b7dd107]
2020-05-28 09:18:31,427 528    [           main] DEBUG ansaction.jdbc.JdbcTransaction  - Closing JDBC Connection [com.mysql.jdbc.JDBC4Connection@b7dd107]
2020-05-28 09:18:31,427 528    [           main] DEBUG source.pooled.PooledDataSource  - Returned connection 192794887 to pool.
2020-05-28 09:19:21,431 0      [           main] DEBUG ache.ibatis.logging.LogFactory  - Logging initialized using 'class org.apache.ibatis.logging.log4j.Log4jImpl' adapter.
2020-05-28 09:19:21,563 132    [           main] DEBUG source.pooled.PooledDataSource  - PooledDataSource forcefully closed/removed all connections.
2020-05-28 09:19:21,563 132    [           main] DEBUG source.pooled.PooledDataSource  - PooledDataSource forcefully closed/removed all connections.
2020-05-28 09:19:21,564 133    [           main] DEBUG source.pooled.PooledDataSource  - PooledDataSource forcefully closed/removed all connections.
2020-05-28 09:19:21,564 133    [           main] DEBUG source.pooled.PooledDataSource  - PooledDataSource forcefully closed/removed all connections.
2020-05-28 09:19:21,646 215    [           main] DEBUG ansaction.jdbc.JdbcTransaction  - Opening JDBC Connection
2020-05-28 09:19:21,917 486    [           main] DEBUG source.pooled.PooledDataSource  - Created connection 192794887.
2020-05-28 09:19:21,917 486    [           main] DEBUG ansaction.jdbc.JdbcTransaction  - Setting autocommit to false on JDBC Connection [com.mysql.jdbc.JDBC4Connection@b7dd107]
2020-05-28 09:19:21,920 489    [           main] DEBUG om.ljf.dao.IUserDao.updateUser  - ==>  Preparing: update user set username=?,address=?,sex=?,birthday=? where id=? 
2020-05-28 09:19:21,966 535    [           main] DEBUG om.ljf.dao.IUserDao.updateUser  - ==> Parameters: ai(String), 山西(String), 男(String), 2020-05-28 09:19:21.635(Timestamp), 41(Integer)
2020-05-28 09:19:21,973 542    [           main] DEBUG om.ljf.dao.IUserDao.updateUser  - <==    Updates: 1
2020-05-28 09:19:21,973 542    [           main] DEBUG ansaction.jdbc.JdbcTransaction  - Committing JDBC Connection [com.mysql.jdbc.JDBC4Connection@b7dd107]
2020-05-28 09:19:21,977 546    [           main] DEBUG ansaction.jdbc.JdbcTransaction  - Resetting autocommit to true on JDBC Connection [com.mysql.jdbc.JDBC4Connection@b7dd107]
2020-05-28 09:19:21,977 546    [           main] DEBUG ansaction.jdbc.JdbcTransaction  - Closing JDBC Connection [com.mysql.jdbc.JDBC4Connection@b7dd107]
2020-05-28 09:19:21,977 546    [           main] DEBUG source.pooled.PooledDataSource  - Returned connection 192794887 to pool.
2020-05-28 09:20:22,565 0      [           main] DEBUG ache.ibatis.logging.LogFactory  - Logging initialized using 'class org.apache.ibatis.logging.log4j.Log4jImpl' adapter.
2020-05-28 09:20:22,690 125    [           main] DEBUG source.pooled.PooledDataSource  - PooledDataSource forcefully closed/removed all connections.
2020-05-28 09:20:22,690 125    [           main] DEBUG source.pooled.PooledDataSource  - PooledDataSource forcefully closed/removed all connections.
2020-05-28 09:20:22,690 125    [           main] DEBUG source.pooled.PooledDataSource  - PooledDataSource forcefully closed/removed all connections.
2020-05-28 09:20:22,690 125    [           main] DEBUG source.pooled.PooledDataSource  - PooledDataSource forcefully closed/removed all connections.
2020-05-28 09:20:22,780 215    [           main] DEBUG ansaction.jdbc.JdbcTransaction  - Opening JDBC Connection
2020-05-28 09:20:23,082 517    [           main] DEBUG source.pooled.PooledDataSource  - Created connection 192794887.
2020-05-28 09:20:23,082 517    [           main] DEBUG ansaction.jdbc.JdbcTransaction  - Setting autocommit to false on JDBC Connection [com.mysql.jdbc.JDBC4Connection@b7dd107]
2020-05-28 09:20:23,085 520    [           main] DEBUG om.ljf.dao.IUserDao.deleteUser  - ==>  Preparing: delete from user where id=? 
2020-05-28 09:20:23,126 561    [           main] DEBUG om.ljf.dao.IUserDao.deleteUser  - ==> Parameters: 54(Integer)
2020-05-28 09:20:23,128 563    [           main] DEBUG om.ljf.dao.IUserDao.deleteUser  - <==    Updates: 1
2020-05-28 09:20:23,128 563    [           main] DEBUG ansaction.jdbc.JdbcTransaction  - Committing JDBC Connection [com.mysql.jdbc.JDBC4Connection@b7dd107]
2020-05-28 09:20:23,132 567    [           main] DEBUG ansaction.jdbc.JdbcTransaction  - Resetting autocommit to true on JDBC Connection [com.mysql.jdbc.JDBC4Connection@b7dd107]
2020-05-28 09:20:23,132 567    [           main] DEBUG ansaction.jdbc.JdbcTransaction  - Closing JDBC Connection [com.mysql.jdbc.JDBC4Connection@b7dd107]
2020-05-28 09:20:23,132 567    [           main] DEBUG source.pooled.PooledDataSource  - Returned connection 192794887 to pool.
2020-05-28 09:22:11,835 0      [           main] DEBUG ache.ibatis.logging.LogFactory  - Logging initialized using 'class org.apache.ibatis.logging.log4j.Log4jImpl' adapter.
2020-05-28 09:22:11,961 126    [           main] DEBUG source.pooled.PooledDataSource  - PooledDataSource forcefully closed/removed all connections.
2020-05-28 09:22:11,961 126    [           main] DEBUG source.pooled.PooledDataSource  - PooledDataSource forcefully closed/removed all connections.
2020-05-28 09:22:11,961 126    [           main] DEBUG source.pooled.PooledDataSource  - PooledDataSource forcefully closed/removed all connections.
2020-05-28 09:22:11,961 126    [           main] DEBUG source.pooled.PooledDataSource  - PooledDataSource forcefully closed/removed all connections.
2020-05-28 09:22:12,055 220    [           main] DEBUG ansaction.jdbc.JdbcTransaction  - Opening JDBC Connection
2020-05-28 09:22:12,346 511    [           main] DEBUG source.pooled.PooledDataSource  - Created connection 863125040.
2020-05-28 09:22:12,346 511    [           main] DEBUG ansaction.jdbc.JdbcTransaction  - Setting autocommit to false on JDBC Connection [com.mysql.jdbc.JDBC4Connection@33723e30]
2020-05-28 09:22:12,349 514    [           main] DEBUG  com.ljf.dao.IUserDao.findById  - ==>  Preparing: select * from user where id = ? 
2020-05-28 09:22:12,381 546    [           main] DEBUG  com.ljf.dao.IUserDao.findById  - ==> Parameters: 55(Integer)
2020-05-28 09:22:12,407 572    [           main] DEBUG  com.ljf.dao.IUserDao.findById  - <==      Total: 1
2020-05-28 09:22:12,408 573    [           main] DEBUG ansaction.jdbc.JdbcTransaction  - Resetting autocommit to true on JDBC Connection [com.mysql.jdbc.JDBC4Connection@33723e30]
2020-05-28 09:22:12,409 574    [           main] DEBUG ansaction.jdbc.JdbcTransaction  - Closing JDBC Connection [com.mysql.jdbc.JDBC4Connection@33723e30]
2020-05-28 09:22:12,409 574    [           main] DEBUG source.pooled.PooledDataSource  - Returned connection 863125040 to pool.
2020-05-28 09:23:38,760 0      [           main] DEBUG ache.ibatis.logging.LogFactory  - Logging initialized using 'class org.apache.ibatis.logging.log4j.Log4jImpl' adapter.
2020-05-28 09:23:39,084 324    [           main] DEBUG source.pooled.PooledDataSource  - PooledDataSource forcefully closed/removed all connections.
2020-05-28 09:23:39,084 324    [           main] DEBUG source.pooled.PooledDataSource  - PooledDataSource forcefully closed/removed all connections.
2020-05-28 09:23:39,084 324    [           main] DEBUG source.pooled.PooledDataSource  - PooledDataSource forcefully closed/removed all connections.
2020-05-28 09:23:39,085 325    [           main] DEBUG source.pooled.PooledDataSource  - PooledDataSource forcefully closed/removed all connections.
2020-05-28 09:23:39,241 481    [           main] DEBUG ansaction.jdbc.JdbcTransaction  - Opening JDBC Connection
2020-05-28 09:23:39,490 730    [           main] DEBUG source.pooled.PooledDataSource  - Created connection 863125040.
2020-05-28 09:23:39,490 730    [           main] DEBUG ansaction.jdbc.JdbcTransaction  - Setting autocommit to false on JDBC Connection [com.mysql.jdbc.JDBC4Connection@33723e30]
2020-05-28 09:23:39,493 733    [           main] DEBUG  com.ljf.dao.IUserDao.findById  - ==>  Preparing: select * from user where id = ? 
2020-05-28 09:23:39,529 769    [           main] DEBUG  com.ljf.dao.IUserDao.findById  - ==> Parameters: 55(Integer)
2020-05-28 09:23:39,557 797    [           main] DEBUG  com.ljf.dao.IUserDao.findById  - <==      Total: 1
2020-05-28 09:23:39,558 798    [           main] DEBUG ansaction.jdbc.JdbcTransaction  - Resetting autocommit to true on JDBC Connection [com.mysql.jdbc.JDBC4Connection@33723e30]
2020-05-28 09:23:39,558 798    [           main] DEBUG ansaction.jdbc.JdbcTransaction  - Closing JDBC Connection [com.mysql.jdbc.JDBC4Connection@33723e30]
2020-05-28 09:23:39,558 798    [           main] DEBUG source.pooled.PooledDataSource  - Returned connection 863125040 to pool.
2020-05-28 09:23:50,019 0      [           main] DEBUG ache.ibatis.logging.LogFactory  - Logging initialized using 'class org.apache.ibatis.logging.log4j.Log4jImpl' adapter.
2020-05-28 09:23:50,147 128    [           main] DEBUG source.pooled.PooledDataSource  - PooledDataSource forcefully closed/removed all connections.
2020-05-28 09:23:50,148 129    [           main] DEBUG source.pooled.PooledDataSource  - PooledDataSource forcefully closed/removed all connections.
2020-05-28 09:23:50,148 129    [           main] DEBUG source.pooled.PooledDataSource  - PooledDataSource forcefully closed/removed all connections.
2020-05-28 09:23:50,148 129    [           main] DEBUG source.pooled.PooledDataSource  - PooledDataSource forcefully closed/removed all connections.
2020-05-28 09:23:50,261 242    [           main] DEBUG ansaction.jdbc.JdbcTransaction  - Opening JDBC Connection
2020-05-28 09:23:50,532 513    [           main] DEBUG source.pooled.PooledDataSource  - Created connection 863125040.
2020-05-28 09:23:50,533 514    [           main] DEBUG ansaction.jdbc.JdbcTransaction  - Setting autocommit to false on JDBC Connection [com.mysql.jdbc.JDBC4Connection@33723e30]
2020-05-28 09:23:50,536 517    [           main] DEBUG  com.ljf.dao.IUserDao.findById  - ==>  Preparing: select * from user where id = ? 
2020-05-28 09:24:08,112 0      [           main] DEBUG ache.ibatis.logging.LogFactory  - Logging initialized using 'class org.apache.ibatis.logging.log4j.Log4jImpl' adapter.
2020-05-28 09:24:08,220 108    [           main] DEBUG source.pooled.PooledDataSource  - PooledDataSource forcefully closed/removed all connections.
2020-05-28 09:24:08,221 109    [           main] DEBUG source.pooled.PooledDataSource  - PooledDataSource forcefully closed/removed all connections.
2020-05-28 09:24:08,221 109    [           main] DEBUG source.pooled.PooledDataSource  - PooledDataSource forcefully closed/removed all connections.
2020-05-28 09:24:08,221 109    [           main] DEBUG source.pooled.PooledDataSource  - PooledDataSource forcefully closed/removed all connections.
2020-05-28 09:24:08,311 199    [           main] DEBUG ansaction.jdbc.JdbcTransaction  - Opening JDBC Connection
2020-05-28 09:24:08,603 491    [           main] DEBUG source.pooled.PooledDataSource  - Created connection 863125040.
2020-05-28 09:24:08,604 492    [           main] DEBUG ansaction.jdbc.JdbcTransaction  - Setting autocommit to false on JDBC Connection [com.mysql.jdbc.JDBC4Connection@33723e30]
2020-05-28 09:24:08,607 495    [           main] DEBUG  com.ljf.dao.IUserDao.findById  - ==>  Preparing: select * from user where id = ? 
2020-05-28 09:24:27,120 0      [           main] DEBUG ache.ibatis.logging.LogFactory  - Logging initialized using 'class org.apache.ibatis.logging.log4j.Log4jImpl' adapter.
2020-05-28 09:24:27,225 105    [           main] DEBUG source.pooled.PooledDataSource  - PooledDataSource forcefully closed/removed all connections.
2020-05-28 09:24:27,225 105    [           main] DEBUG source.pooled.PooledDataSource  - PooledDataSource forcefully closed/removed all connections.
2020-05-28 09:24:27,225 105    [           main] DEBUG source.pooled.PooledDataSource  - PooledDataSource forcefully closed/removed all connections.
2020-05-28 09:24:27,225 105    [           main] DEBUG source.pooled.PooledDataSource  - PooledDataSource forcefully closed/removed all connections.
2020-05-28 09:24:27,322 202    [           main] DEBUG ansaction.jdbc.JdbcTransaction  - Opening JDBC Connection
2020-05-28 09:24:27,592 472    [           main] DEBUG source.pooled.PooledDataSource  - Created connection 863125040.
2020-05-28 09:24:27,593 473    [           main] DEBUG ansaction.jdbc.JdbcTransaction  - Setting autocommit to false on JDBC Connection [com.mysql.jdbc.JDBC4Connection@33723e30]
2020-05-28 09:24:27,595 475    [           main] DEBUG  com.ljf.dao.IUserDao.findById  - ==>  Preparing: select * from user where id = ? 
2020-05-28 09:25:07,069 0      [           main] DEBUG ache.ibatis.logging.LogFactory  - Logging initialized using 'class org.apache.ibatis.logging.log4j.Log4jImpl' adapter.
2020-05-28 09:25:07,196 127    [           main] DEBUG source.pooled.PooledDataSource  - PooledDataSource forcefully closed/removed all connections.
2020-05-28 09:25:07,196 127    [           main] DEBUG source.pooled.PooledDataSource  - PooledDataSource forcefully closed/removed all connections.
2020-05-28 09:25:07,196 127    [           main] DEBUG source.pooled.PooledDataSource  - PooledDataSource forcefully closed/removed all connections.
2020-05-28 09:25:07,196 127    [           main] DEBUG source.pooled.PooledDataSource  - PooledDataSource forcefully closed/removed all connections.
2020-05-28 09:25:22,275 15206  [           main] DEBUG ansaction.jdbc.JdbcTransaction  - Opening JDBC Connection
2020-05-28 09:25:23,294 16225  [           main] DEBUG source.pooled.PooledDataSource  - Created connection 1249875355.
2020-05-28 09:25:23,295 16226  [           main] DEBUG ansaction.jdbc.JdbcTransaction  - Setting autocommit to false on JDBC Connection [com.mysql.jdbc.JDBC4Connection@4a7f959b]
2020-05-28 09:25:23,302 16233  [           main] DEBUG  com.ljf.dao.IUserDao.findById  - ==>  Preparing: select * from user where id = ? 
2020-05-28 09:26:23,201 0      [           main] DEBUG ache.ibatis.logging.LogFactory  - Logging initialized using 'class org.apache.ibatis.logging.log4j.Log4jImpl' adapter.
2020-05-28 09:26:23,319 118    [           main] DEBUG source.pooled.PooledDataSource  - PooledDataSource forcefully closed/removed all connections.
2020-05-28 09:26:23,319 118    [           main] DEBUG source.pooled.PooledDataSource  - PooledDataSource forcefully closed/removed all connections.
2020-05-28 09:26:23,319 118    [           main] DEBUG source.pooled.PooledDataSource  - PooledDataSource forcefully closed/removed all connections.
2020-05-28 09:26:23,319 118    [           main] DEBUG source.pooled.PooledDataSource  - PooledDataSource forcefully closed/removed all connections.
2020-05-28 09:26:23,535 334    [           main] DEBUG ansaction.jdbc.JdbcTransaction  - Opening JDBC Connection
2020-05-28 09:26:23,914 713    [           main] DEBUG source.pooled.PooledDataSource  - Created connection 2014866032.
2020-05-28 09:26:23,915 714    [           main] DEBUG ansaction.jdbc.JdbcTransaction  - Setting autocommit to false on JDBC Connection [com.mysql.jdbc.JDBC4Connection@78186a70]
2020-05-28 09:26:23,918 717    [           main] DEBUG jf.dao.IUserDao.findByUsername  - ==>  Preparing: select * from user where username like '%%a%%' 
2020-05-28 09:26:23,962 761    [           main] DEBUG jf.dao.IUserDao.findByUsername  - ==> Parameters: 
2020-05-28 09:26:23,999 798    [           main] DEBUG jf.dao.IUserDao.findByUsername  - <==      Total: 1
2020-05-28 09:26:23,999 798    [           main] DEBUG ansaction.jdbc.JdbcTransaction  - Resetting autocommit to true on JDBC Connection [com.mysql.jdbc.JDBC4Connection@78186a70]
2020-05-28 09:26:24,000 799    [           main] DEBUG ansaction.jdbc.JdbcTransaction  - Closing JDBC Connection [com.mysql.jdbc.JDBC4Connection@78186a70]
2020-05-28 09:26:24,000 799    [           main] DEBUG source.pooled.PooledDataSource  - Returned connection 2014866032 to pool.
2020-05-28 09:28:15,095 0      [           main] DEBUG ache.ibatis.logging.LogFactory  - Logging initialized using 'class org.apache.ibatis.logging.log4j.Log4jImpl' adapter.
2020-05-28 09:28:15,208 113    [           main] DEBUG source.pooled.PooledDataSource  - PooledDataSource forcefully closed/removed all connections.
2020-05-28 09:28:15,208 113    [           main] DEBUG source.pooled.PooledDataSource  - PooledDataSource forcefully closed/removed all connections.
2020-05-28 09:28:15,208 113    [           main] DEBUG source.pooled.PooledDataSource  - PooledDataSource forcefully closed/removed all connections.
2020-05-28 09:28:15,208 113    [           main] DEBUG source.pooled.PooledDataSource  - PooledDataSource forcefully closed/removed all connections.
2020-05-28 09:28:15,302 207    [           main] DEBUG ansaction.jdbc.JdbcTransaction  - Opening JDBC Connection
2020-05-28 09:28:15,583 488    [           main] DEBUG source.pooled.PooledDataSource  - Created connection 863125040.
2020-05-28 09:28:15,583 488    [           main] DEBUG ansaction.jdbc.JdbcTransaction  - Setting autocommit to false on JDBC Connection [com.mysql.jdbc.JDBC4Connection@33723e30]
2020-05-28 09:28:15,586 491    [           main] DEBUG om.ljf.dao.IUserDao.totalCount  - ==>  Preparing: select count(1) from user 
2020-05-28 09:28:15,629 534    [           main] DEBUG om.ljf.dao.IUserDao.totalCount  - ==> Parameters: 
2020-05-28 09:28:15,649 554    [           main] DEBUG om.ljf.dao.IUserDao.totalCount  - <==      Total: 1
2020-05-28 09:28:15,650 555    [           main] DEBUG ansaction.jdbc.JdbcTransaction  - Resetting autocommit to true on JDBC Connection [com.mysql.jdbc.JDBC4Connection@33723e30]
2020-05-28 09:28:15,650 555    [           main] DEBUG ansaction.jdbc.JdbcTransaction  - Closing JDBC Connection [com.mysql.jdbc.JDBC4Connection@33723e30]
2020-05-28 09:28:15,650 555    [           main] DEBUG source.pooled.PooledDataSource  - Returned connection 863125040 to pool.
2020-05-28 09:39:55,867 0      [           main] DEBUG ache.ibatis.logging.LogFactory  - Logging initialized using 'class org.apache.ibatis.logging.log4j.Log4jImpl' adapter.
2020-05-28 09:39:56,281 414    [           main] DEBUG source.pooled.PooledDataSource  - PooledDataSource forcefully closed/removed all connections.
2020-05-28 09:39:56,281 414    [           main] DEBUG source.pooled.PooledDataSource  - PooledDataSource forcefully closed/removed all connections.
2020-05-28 09:39:56,281 414    [           main] DEBUG source.pooled.PooledDataSource  - PooledDataSource forcefully closed/removed all connections.
2020-05-28 09:39:56,282 415    [           main] DEBUG source.pooled.PooledDataSource  - PooledDataSource forcefully closed/removed all connections.
2020-05-28 09:41:50,642 114775 [           main] DEBUG ansaction.jdbc.JdbcTransaction  - Opening JDBC Connection
2020-05-28 09:41:50,981 115114 [           main] DEBUG source.pooled.PooledDataSource  - Created connection 1117519786.
2020-05-28 09:41:50,982 115115 [           main] DEBUG ansaction.jdbc.JdbcTransaction  - Setting autocommit to false on JDBC Connection [com.mysql.jdbc.JDBC4Connection@429bffaa]
2020-05-28 09:41:50,984 115117 [           main] DEBUG   com.ljf.dao.IUserDao.findAll  - ==>  Preparing: select * from user 
2020-05-28 09:41:51,019 115152 [           main] DEBUG   com.ljf.dao.IUserDao.findAll  - ==> Parameters: 
2020-05-28 09:41:51,045 115178 [           main] DEBUG   com.ljf.dao.IUserDao.findAll  - <==      Total: 7
2020-05-28 09:41:51,046 115179 [           main] DEBUG ansaction.jdbc.JdbcTransaction  - Resetting autocommit to true on JDBC Connection [com.mysql.jdbc.JDBC4Connection@429bffaa]
2020-05-28 09:41:51,046 115179 [           main] DEBUG ansaction.jdbc.JdbcTransaction  - Closing JDBC Connection [com.mysql.jdbc.JDBC4Connection@429bffaa]
2020-05-28 09:41:51,047 115180 [           main] DEBUG source.pooled.PooledDataSource  - Returned connection 1117519786 to pool.
2020-05-28 09:46:24,872 0      [           main] DEBUG ache.ibatis.logging.LogFactory  - Logging initialized using 'class org.apache.ibatis.logging.log4j.Log4jImpl' adapter.
2020-05-28 09:46:25,020 148    [           main] DEBUG source.pooled.PooledDataSource  - PooledDataSource forcefully closed/removed all connections.
2020-05-28 09:46:25,021 149    [           main] DEBUG source.pooled.PooledDataSource  - PooledDataSource forcefully closed/removed all connections.
2020-05-28 09:46:25,021 149    [           main] DEBUG source.pooled.PooledDataSource  - PooledDataSource forcefully closed/removed all connections.
2020-05-28 09:46:25,021 149    [           main] DEBUG source.pooled.PooledDataSource  - PooledDataSource forcefully closed/removed all connections.
2020-05-28 09:46:25,128 256    [           main] DEBUG ansaction.jdbc.JdbcTransaction  - Opening JDBC Connection
2020-05-28 09:46:25,421 549    [           main] DEBUG source.pooled.PooledDataSource  - Created connection 863125040.
2020-05-28 09:46:25,421 549    [           main] DEBUG ansaction.jdbc.JdbcTransaction  - Setting autocommit to false on JDBC Connection [com.mysql.jdbc.JDBC4Connection@33723e30]
2020-05-28 09:46:25,424 552    [           main] DEBUG om.ljf.dao.IUserDao.totalCount  - ==>  Preparing: select count(1) from user 
2020-05-28 09:46:25,461 589    [           main] DEBUG om.ljf.dao.IUserDao.totalCount  - ==> Parameters: 
2020-05-28 09:46:25,478 606    [           main] DEBUG om.ljf.dao.IUserDao.totalCount  - <==      Total: 1
2020-05-28 09:46:25,479 607    [           main] DEBUG ansaction.jdbc.JdbcTransaction  - Resetting autocommit to true on JDBC Connection [com.mysql.jdbc.JDBC4Connection@33723e30]
2020-05-28 09:46:25,479 607    [           main] DEBUG ansaction.jdbc.JdbcTransaction  - Closing JDBC Connection [com.mysql.jdbc.JDBC4Connection@33723e30]
2020-05-28 09:46:25,479 607    [           main] DEBUG source.pooled.PooledDataSource  - Returned connection 863125040 to pool.
2020-05-28 09:46:32,594 0      [           main] DEBUG ache.ibatis.logging.LogFactory  - Logging initialized using 'class org.apache.ibatis.logging.log4j.Log4jImpl' adapter.
2020-05-28 09:46:32,762 168    [           main] DEBUG source.pooled.PooledDataSource  - PooledDataSource forcefully closed/removed all connections.
2020-05-28 09:46:32,763 169    [           main] DEBUG source.pooled.PooledDataSource  - PooledDataSource forcefully closed/removed all connections.
2020-05-28 09:46:32,763 169    [           main] DEBUG source.pooled.PooledDataSource  - PooledDataSource forcefully closed/removed all connections.
2020-05-28 09:46:32,763 169    [           main] DEBUG source.pooled.PooledDataSource  - PooledDataSource forcefully closed/removed all connections.
2020-05-28 09:50:01,180 208586 [           main] DEBUG ansaction.jdbc.JdbcTransaction  - Opening JDBC Connection
2020-05-28 09:50:01,874 209280 [           main] DEBUG source.pooled.PooledDataSource  - Created connection 1249875355.
2020-05-28 09:50:01,875 209281 [           main] DEBUG ansaction.jdbc.JdbcTransaction  - Setting autocommit to false on JDBC Connection [com.mysql.jdbc.JDBC4Connection@4a7f959b]
2020-05-28 09:50:01,887 209293 [           main] DEBUG   com.ljf.dao.IUserDao.findAll  - ==>  Preparing: select * from user 
2020-05-28 09:50:02,209 209615 [           main] DEBUG   com.ljf.dao.IUserDao.findAll  - ==> Parameters: 
2020-05-28 09:50:02,424 209830 [           main] DEBUG   com.ljf.dao.IUserDao.findAll  - <==      Total: 7
2020-05-28 09:54:10,509 457915 [           main] DEBUG ansaction.jdbc.JdbcTransaction  - Resetting autocommit to true on JDBC Connection [com.mysql.jdbc.JDBC4Connection@4a7f959b]
2020-05-28 09:54:10,510 457916 [           main] DEBUG ansaction.jdbc.JdbcTransaction  - Closing JDBC Connection [com.mysql.jdbc.JDBC4Connection@4a7f959b]
2020-05-28 09:54:10,511 457917 [           main] DEBUG source.pooled.PooledDataSource  - Returned connection 1249875355 to pool.
2020-05-28 09:54:16,122 0      [           main] DEBUG ache.ibatis.logging.LogFactory  - Logging initialized using 'class org.apache.ibatis.logging.log4j.Log4jImpl' adapter.
2020-05-28 09:54:16,271 149    [           main] DEBUG source.pooled.PooledDataSource  - PooledDataSource forcefully closed/removed all connections.
2020-05-28 09:54:16,271 149    [           main] DEBUG source.pooled.PooledDataSource  - PooledDataSource forcefully closed/removed all connections.
2020-05-28 09:54:16,271 149    [           main] DEBUG source.pooled.PooledDataSource  - PooledDataSource forcefully closed/removed all connections.
2020-05-28 09:54:16,271 149    [           main] DEBUG source.pooled.PooledDataSource  - PooledDataSource forcefully closed/removed all connections.
2020-05-28 09:56:33,568 137446 [           main] DEBUG ansaction.jdbc.JdbcTransaction  - Opening JDBC Connection
2020-05-28 09:56:34,227 138105 [           main] DEBUG source.pooled.PooledDataSource  - Created connection 1249875355.
2020-05-28 09:56:34,229 138107 [           main] DEBUG ansaction.jdbc.JdbcTransaction  - Setting autocommit to false on JDBC Connection [com.mysql.jdbc.JDBC4Connection@4a7f959b]
2020-05-28 09:56:34,239 138117 [           main] DEBUG   com.ljf.dao.IUserDao.findAll  - ==>  Preparing: select * from user 
2020-05-28 10:21:19,217 1623095 [           main] DEBUG   com.ljf.dao.IUserDao.findAll  - ==> Parameters: 
2020-05-28 10:21:19,260 1623138 [           main] DEBUG   com.ljf.dao.IUserDao.findAll  - <==      Total: 7
2020-05-28 10:21:19,260 1623138 [           main] DEBUG ansaction.jdbc.JdbcTransaction  - Resetting autocommit to true on JDBC Connection [com.mysql.jdbc.JDBC4Connection@4a7f959b]
2020-05-28 10:21:19,261 1623139 [           main] DEBUG ansaction.jdbc.JdbcTransaction  - Closing JDBC Connection [com.mysql.jdbc.JDBC4Connection@4a7f959b]
2020-05-28 10:21:19,261 1623139 [           main] DEBUG source.pooled.PooledDataSource  - Returned connection 1249875355 to pool.
